<?xml version="1.0" encoding="UTF-8"?>
<testsuite name="jam.jamspring.JamSpringApplicationTests" tests="1" skipped="0" failures="0" errors="0" timestamp="2022-04-01T06:21:38" hostname="DESKTOP-BS9UCVS" time="0.703">
  <properties/>
  <testcase name="contextLoads()" classname="jam.jamspring.JamSpringApplicationTests" time="0.703"/>
  <system-out><![CDATA[15:21:34.992 [Test worker] DEBUG org.springframework.test.context.BootstrapUtils - Instantiating CacheAwareContextLoaderDelegate from class [org.springframework.test.context.cache.DefaultCacheAwareContextLoaderDelegate]
15:21:35.011 [Test worker] DEBUG org.springframework.test.context.BootstrapUtils - Instantiating BootstrapContext using constructor [public org.springframework.test.context.support.DefaultBootstrapContext(java.lang.Class,org.springframework.test.context.CacheAwareContextLoaderDelegate)]
15:21:35.056 [Test worker] DEBUG org.springframework.test.context.BootstrapUtils - Instantiating TestContextBootstrapper for test class [jam.jamspring.JamSpringApplicationTests] from class [org.springframework.boot.test.context.SpringBootTestContextBootstrapper]
15:21:35.072 [Test worker] INFO org.springframework.boot.test.context.SpringBootTestContextBootstrapper - Neither @ContextConfiguration nor @ContextHierarchy found for test class [jam.jamspring.JamSpringApplicationTests], using SpringBootContextLoader
15:21:35.077 [Test worker] DEBUG org.springframework.test.context.support.AbstractContextLoader - Did not detect default resource location for test class [jam.jamspring.JamSpringApplicationTests]: class path resource [jam/jamspring/JamSpringApplicationTests-context.xml] does not exist
15:21:35.078 [Test worker] DEBUG org.springframework.test.context.support.AbstractContextLoader - Did not detect default resource location for test class [jam.jamspring.JamSpringApplicationTests]: class path resource [jam/jamspring/JamSpringApplicationTestsContext.groovy] does not exist
15:21:35.079 [Test worker] INFO org.springframework.test.context.support.AbstractContextLoader - Could not detect default resource locations for test class [jam.jamspring.JamSpringApplicationTests]: no resource found for suffixes {-context.xml, Context.groovy}.
15:21:35.085 [Test worker] INFO org.springframework.test.context.support.AnnotationConfigContextLoaderUtils - Could not detect default configuration classes for test class [jam.jamspring.JamSpringApplicationTests]: JamSpringApplicationTests does not declare any static, non-private, non-final, nested classes annotated with @Configuration.
15:21:35.156 [Test worker] DEBUG org.springframework.test.context.support.ActiveProfilesUtils - Could not find an 'annotation declaring class' for annotation type [org.springframework.test.context.ActiveProfiles] and class [jam.jamspring.JamSpringApplicationTests]
15:21:35.243 [Test worker] DEBUG org.springframework.context.annotation.ClassPathScanningCandidateComponentProvider - Identified candidate component class: file [C:\Users\Dongwoo Kim\Desktop\스프링\jam-spring\build\classes\java\main\jam\jamspring\JamSpringApplication.class]
15:21:35.246 [Test worker] INFO org.springframework.boot.test.context.SpringBootTestContextBootstrapper - Found @SpringBootConfiguration jam.jamspring.JamSpringApplication for test class jam.jamspring.JamSpringApplicationTests
15:21:35.392 [Test worker] DEBUG org.springframework.boot.test.context.SpringBootTestContextBootstrapper - @TestExecutionListeners is not present for class [jam.jamspring.JamSpringApplicationTests]: using defaults.
15:21:35.393 [Test worker] INFO org.springframework.boot.test.context.SpringBootTestContextBootstrapper - Loaded default TestExecutionListener class names from location [META-INF/spring.factories]: [org.springframework.boot.test.autoconfigure.restdocs.RestDocsTestExecutionListener, org.springframework.boot.test.autoconfigure.web.client.MockRestServiceServerResetTestExecutionListener, org.springframework.boot.test.autoconfigure.web.servlet.MockMvcPrintOnlyOnFailureTestExecutionListener, org.springframework.boot.test.autoconfigure.web.servlet.WebDriverTestExecutionListener, org.springframework.boot.test.autoconfigure.webservices.client.MockWebServiceServerTestExecutionListener, org.springframework.boot.test.mock.mockito.MockitoTestExecutionListener, org.springframework.boot.test.mock.mockito.ResetMocksTestExecutionListener, org.springframework.test.context.web.ServletTestExecutionListener, org.springframework.test.context.support.DirtiesContextBeforeModesTestExecutionListener, org.springframework.test.context.event.ApplicationEventsTestExecutionListener, org.springframework.test.context.support.DependencyInjectionTestExecutionListener, org.springframework.test.context.support.DirtiesContextTestExecutionListener, org.springframework.test.context.transaction.TransactionalTestExecutionListener, org.springframework.test.context.jdbc.SqlScriptsTestExecutionListener, org.springframework.test.context.event.EventPublishingTestExecutionListener]
15:21:35.408 [Test worker] DEBUG org.springframework.boot.test.context.SpringBootTestContextBootstrapper - Skipping candidate TestExecutionListener [org.springframework.test.context.transaction.TransactionalTestExecutionListener] due to a missing dependency. Specify custom listener classes or make the default listener classes and their required dependencies available. Offending class: [org/springframework/transaction/interceptor/TransactionAttributeSource]
15:21:35.409 [Test worker] DEBUG org.springframework.boot.test.context.SpringBootTestContextBootstrapper - Skipping candidate TestExecutionListener [org.springframework.test.context.jdbc.SqlScriptsTestExecutionListener] due to a missing dependency. Specify custom listener classes or make the default listener classes and their required dependencies available. Offending class: [org/springframework/transaction/interceptor/TransactionAttribute]
15:21:35.409 [Test worker] INFO org.springframework.boot.test.context.SpringBootTestContextBootstrapper - Using TestExecutionListeners: [org.springframework.test.context.web.ServletTestExecutionListener@5d018107, org.springframework.test.context.support.DirtiesContextBeforeModesTestExecutionListener@6cbcf243, org.springframework.test.context.event.ApplicationEventsTestExecutionListener@29e6eb25, org.springframework.boot.test.mock.mockito.MockitoTestExecutionListener@62435e70, org.springframework.boot.test.autoconfigure.SpringBootDependencyInjectionTestExecutionListener@339bf286, org.springframework.test.context.support.DirtiesContextTestExecutionListener@38be305c, org.springframework.test.context.event.EventPublishingTestExecutionListener@269f4bad, org.springframework.boot.test.autoconfigure.restdocs.RestDocsTestExecutionListener@5ed731d0, org.springframework.boot.test.autoconfigure.web.client.MockRestServiceServerResetTestExecutionListener@3234f74e, org.springframework.boot.test.autoconfigure.web.servlet.MockMvcPrintOnlyOnFailureTestExecutionListener@7bc10d84, org.springframework.boot.test.autoconfigure.web.servlet.WebDriverTestExecutionListener@275fe372, org.springframework.boot.test.autoconfigure.webservices.client.MockWebServiceServerTestExecutionListener@40e10ff8, org.springframework.boot.test.mock.mockito.ResetMocksTestExecutionListener@557a1e2d]
15:21:35.415 [Test worker] DEBUG org.springframework.test.context.support.AbstractDirtiesContextTestExecutionListener - Before test class: context [DefaultTestContext@15c25153 testClass = JamSpringApplicationTests, testInstance = [null], testMethod = [null], testException = [null], mergedContextConfiguration = [WebMergedContextConfiguration@1252b961 testClass = JamSpringApplicationTests, locations = '{}', classes = '{class jam.jamspring.JamSpringApplication}', contextInitializerClasses = '[]', activeProfiles = '{}', propertySourceLocations = '{}', propertySourceProperties = '{org.springframework.boot.test.context.SpringBootTestContextBootstrapper=true}', contextCustomizers = set[org.springframework.boot.test.autoconfigure.actuate.metrics.MetricsExportContextCustomizerFactory$DisableMetricExportContextCustomizer@61fe30, org.springframework.boot.test.autoconfigure.properties.PropertyMappingContextCustomizer@0, org.springframework.boot.test.autoconfigure.web.servlet.WebDriverContextCustomizerFactory$Customizer@58326051, org.springframework.boot.test.context.filter.ExcludeFilterContextCustomizer@598bd2ba, org.springframework.boot.test.json.DuplicateJsonObjectContextCustomizerFactory$DuplicateJsonObjectContextCustomizer@4f5991f6, org.springframework.boot.test.mock.mockito.MockitoContextCustomizer@0, org.springframework.boot.test.web.client.TestRestTemplateContextCustomizer@50d13246, org.springframework.boot.test.context.SpringBootTestArgs@1, org.springframework.boot.test.context.SpringBootTestWebEnvironment@6f27a732], resourceBasePath = 'src/main/webapp', contextLoader = 'org.springframework.boot.test.context.SpringBootContextLoader', parent = [null]], attributes = map['org.springframework.test.context.web.ServletTestExecutionListener.activateListener' -> true]], class annotated with @DirtiesContext [false] with mode [null].

  .   ____          _            __ _ _
 /\\ / ___'_ __ _ _(_)_ __  __ _ \ \ \ \
( ( )\___ | '_ | '_| | '_ \/ _` | \ \ \ \
 \\/  ___)| |_)| | | | | || (_| |  ) ) ) )
  '  |____| .__|_| |_|_| |_\__, | / / / /
 =========|_|==============|___/=/_/_/_/
 :: Spring Boot ::                (v2.6.5)

2022-04-01 15:21:35.884  INFO 4492 --- [    Test worker] jam.jamspring.JamSpringApplicationTests  : Starting JamSpringApplicationTests using Java 14.0.2 on DESKTOP-BS9UCVS with PID 4492 (started by Dongwoo Kim in C:\Users\Dongwoo Kim\Desktop\스프링\jam-spring)
2022-04-01 15:21:35.885  INFO 4492 --- [    Test worker] jam.jamspring.JamSpringApplicationTests  : No active profile set, falling back to 1 default profile: "default"
2022-04-01 15:21:37.914  INFO 4492 --- [    Test worker] o.s.b.a.w.s.WelcomePageHandlerMapping    : Adding welcome page: class path resource [static/index.html]
2022-04-01 15:21:38.371  INFO 4492 --- [    Test worker] jam.jamspring.JamSpringApplicationTests  : Started JamSpringApplicationTests in 2.905 seconds (JVM running for 4.588)
]]></system-out>
  <system-err><![CDATA[]]></system-err>
</testsuite>
